Determining if the function sgemm_ exists failed with the following output:
Change Dir: /home/bl/Desktop/PoseEstimationDemo/BA_PnP_poseEstimation/build/CMakeFiles/CMakeTmp

Run Build Command(s):/usr/bin/gmake -f Makefile cmTC_bd620/fast && /usr/bin/gmake  -f CMakeFiles/cmTC_bd620.dir/build.make CMakeFiles/cmTC_bd620.dir/build
gmake[1]: Entering directory '/home/bl/Desktop/PoseEstimationDemo/BA_PnP_poseEstimation/build/CMakeFiles/CMakeTmp'
Building C object CMakeFiles/cmTC_bd620.dir/CheckFunctionExists.c.o
/usr/bin/cc   -DCHECK_FUNCTION_EXISTS=sgemm_ -o CMakeFiles/cmTC_bd620.dir/CheckFunctionExists.c.o -c /usr/share/cmake-3.22/Modules/CheckFunctionExists.c
Linking C executable cmTC_bd620
/usr/bin/cmake -E cmake_link_script CMakeFiles/cmTC_bd620.dir/link.txt --verbose=1
/usr/bin/cc  -DCHECK_FUNCTION_EXISTS=sgemm_ CMakeFiles/cmTC_bd620.dir/CheckFunctionExists.c.o -o cmTC_bd620 
/usr/bin/ld: CMakeFiles/cmTC_bd620.dir/CheckFunctionExists.c.o: in function `main':
CheckFunctionExists.c:(.text+0x14): undefined reference to `sgemm_'
collect2: error: ld returned 1 exit status
gmake[1]: *** [CMakeFiles/cmTC_bd620.dir/build.make:99: cmTC_bd620] Error 1
gmake[1]: Leaving directory '/home/bl/Desktop/PoseEstimationDemo/BA_PnP_poseEstimation/build/CMakeFiles/CMakeTmp'
gmake: *** [Makefile:127: cmTC_bd620/fast] Error 2



Determining if the function cheev_ exists failed with the following output:
Change Dir: /home/bl/Desktop/PoseEstimationDemo/BA_PnP_poseEstimation/build/CMakeFiles/CMakeTmp

Run Build Command(s):/usr/bin/gmake -f Makefile cmTC_dbf33/fast && /usr/bin/gmake  -f CMakeFiles/cmTC_dbf33.dir/build.make CMakeFiles/cmTC_dbf33.dir/build
gmake[1]: Entering directory '/home/bl/Desktop/PoseEstimationDemo/BA_PnP_poseEstimation/build/CMakeFiles/CMakeTmp'
Building C object CMakeFiles/cmTC_dbf33.dir/CheckFunctionExists.c.o
/usr/bin/cc   -DCHECK_FUNCTION_EXISTS=cheev_ -o CMakeFiles/cmTC_dbf33.dir/CheckFunctionExists.c.o -c /usr/share/cmake-3.22/Modules/CheckFunctionExists.c
Linking C executable cmTC_dbf33
/usr/bin/cmake -E cmake_link_script CMakeFiles/cmTC_dbf33.dir/link.txt --verbose=1
/usr/bin/cc  -DCHECK_FUNCTION_EXISTS=cheev_ CMakeFiles/cmTC_dbf33.dir/CheckFunctionExists.c.o -o cmTC_dbf33  /usr/lib/x86_64-linux-gnu/libblas.so /usr/lib/x86_64-linux-gnu/libf77blas.so /usr/lib/x86_64-linux-gnu/libatlas.so -lm -ldl 
/usr/bin/ld: CMakeFiles/cmTC_dbf33.dir/CheckFunctionExists.c.o: in function `main':
CheckFunctionExists.c:(.text+0x14): undefined reference to `cheev_'
collect2: error: ld returned 1 exit status
gmake[1]: *** [CMakeFiles/cmTC_dbf33.dir/build.make:102: cmTC_dbf33] Error 1
gmake[1]: Leaving directory '/home/bl/Desktop/PoseEstimationDemo/BA_PnP_poseEstimation/build/CMakeFiles/CMakeTmp'
gmake: *** [Makefile:127: cmTC_dbf33/fast] Error 2



Determining if the function cheev_ exists failed with the following output:
Change Dir: /home/bl/Desktop/PoseEstimationDemo/BA_PnP_poseEstimation/build/CMakeFiles/CMakeTmp

Run Build Command(s):/usr/bin/gmake -f Makefile cmTC_de4db/fast && /usr/bin/gmake  -f CMakeFiles/cmTC_de4db.dir/build.make CMakeFiles/cmTC_de4db.dir/build
gmake[1]: Entering directory '/home/bl/Desktop/PoseEstimationDemo/BA_PnP_poseEstimation/build/CMakeFiles/CMakeTmp'
Building C object CMakeFiles/cmTC_de4db.dir/CheckFunctionExists.c.o
/usr/bin/cc   -DCHECK_FUNCTION_EXISTS=cheev_ -o CMakeFiles/cmTC_de4db.dir/CheckFunctionExists.c.o -c /usr/share/cmake-3.22/Modules/CheckFunctionExists.c
Linking C executable cmTC_de4db
/usr/bin/cmake -E cmake_link_script CMakeFiles/cmTC_de4db.dir/link.txt --verbose=1
/usr/bin/cc  -DCHECK_FUNCTION_EXISTS=cheev_ CMakeFiles/cmTC_de4db.dir/CheckFunctionExists.c.o -o cmTC_de4db  /usr/lib/x86_64-linux-gnu/liblapack.so /usr/lib/x86_64-linux-gnu/libblas.so /usr/lib/x86_64-linux-gnu/libf77blas.so /usr/lib/x86_64-linux-gnu/libatlas.so -fortranlibs 
cc: error: unrecognized command-line option ‘-fortranlibs’
gmake[1]: *** [CMakeFiles/cmTC_de4db.dir/build.make:103: cmTC_de4db] Error 1
gmake[1]: Leaving directory '/home/bl/Desktop/PoseEstimationDemo/BA_PnP_poseEstimation/build/CMakeFiles/CMakeTmp'
gmake: *** [Makefile:127: cmTC_de4db/fast] Error 2



