Determining if the function sgemm_ exists failed with the following output:
Change Dir: /home/bl/Desktop/PoseEstimation/build/CMakeFiles/CMakeTmp

Run Build Command(s):/usr/bin/gmake -f Makefile cmTC_55f6d/fast && /usr/bin/gmake  -f CMakeFiles/cmTC_55f6d.dir/build.make CMakeFiles/cmTC_55f6d.dir/build
gmake[1]: Entering directory '/home/bl/Desktop/PoseEstimation/build/CMakeFiles/CMakeTmp'
Building C object CMakeFiles/cmTC_55f6d.dir/CheckFunctionExists.c.o
/usr/bin/cc   -DCHECK_FUNCTION_EXISTS=sgemm_ -o CMakeFiles/cmTC_55f6d.dir/CheckFunctionExists.c.o -c /usr/share/cmake-3.22/Modules/CheckFunctionExists.c
Linking C executable cmTC_55f6d
/usr/bin/cmake -E cmake_link_script CMakeFiles/cmTC_55f6d.dir/link.txt --verbose=1
/usr/bin/cc  -DCHECK_FUNCTION_EXISTS=sgemm_ CMakeFiles/cmTC_55f6d.dir/CheckFunctionExists.c.o -o cmTC_55f6d 
/usr/bin/ld: CMakeFiles/cmTC_55f6d.dir/CheckFunctionExists.c.o: in function `main':
CheckFunctionExists.c:(.text+0x14): undefined reference to `sgemm_'
collect2: error: ld returned 1 exit status
gmake[1]: *** [CMakeFiles/cmTC_55f6d.dir/build.make:99: cmTC_55f6d] Error 1
gmake[1]: Leaving directory '/home/bl/Desktop/PoseEstimation/build/CMakeFiles/CMakeTmp'
gmake: *** [Makefile:127: cmTC_55f6d/fast] Error 2



Determining if the function cheev_ exists failed with the following output:
Change Dir: /home/bl/Desktop/PoseEstimation/build/CMakeFiles/CMakeTmp

Run Build Command(s):/usr/bin/gmake -f Makefile cmTC_1336b/fast && /usr/bin/gmake  -f CMakeFiles/cmTC_1336b.dir/build.make CMakeFiles/cmTC_1336b.dir/build
gmake[1]: Entering directory '/home/bl/Desktop/PoseEstimation/build/CMakeFiles/CMakeTmp'
Building C object CMakeFiles/cmTC_1336b.dir/CheckFunctionExists.c.o
/usr/bin/cc   -DCHECK_FUNCTION_EXISTS=cheev_ -o CMakeFiles/cmTC_1336b.dir/CheckFunctionExists.c.o -c /usr/share/cmake-3.22/Modules/CheckFunctionExists.c
Linking C executable cmTC_1336b
/usr/bin/cmake -E cmake_link_script CMakeFiles/cmTC_1336b.dir/link.txt --verbose=1
/usr/bin/cc  -DCHECK_FUNCTION_EXISTS=cheev_ CMakeFiles/cmTC_1336b.dir/CheckFunctionExists.c.o -o cmTC_1336b  /usr/lib/x86_64-linux-gnu/libblas.so /usr/lib/x86_64-linux-gnu/libf77blas.so /usr/lib/x86_64-linux-gnu/libatlas.so -lm -ldl 
/usr/bin/ld: CMakeFiles/cmTC_1336b.dir/CheckFunctionExists.c.o: in function `main':
CheckFunctionExists.c:(.text+0x14): undefined reference to `cheev_'
collect2: error: ld returned 1 exit status
gmake[1]: *** [CMakeFiles/cmTC_1336b.dir/build.make:102: cmTC_1336b] Error 1
gmake[1]: Leaving directory '/home/bl/Desktop/PoseEstimation/build/CMakeFiles/CMakeTmp'
gmake: *** [Makefile:127: cmTC_1336b/fast] Error 2



Determining if the function cheev_ exists failed with the following output:
Change Dir: /home/bl/Desktop/PoseEstimation/build/CMakeFiles/CMakeTmp

Run Build Command(s):/usr/bin/gmake -f Makefile cmTC_7c544/fast && /usr/bin/gmake  -f CMakeFiles/cmTC_7c544.dir/build.make CMakeFiles/cmTC_7c544.dir/build
gmake[1]: Entering directory '/home/bl/Desktop/PoseEstimation/build/CMakeFiles/CMakeTmp'
Building C object CMakeFiles/cmTC_7c544.dir/CheckFunctionExists.c.o
/usr/bin/cc   -DCHECK_FUNCTION_EXISTS=cheev_ -o CMakeFiles/cmTC_7c544.dir/CheckFunctionExists.c.o -c /usr/share/cmake-3.22/Modules/CheckFunctionExists.c
Linking C executable cmTC_7c544
/usr/bin/cmake -E cmake_link_script CMakeFiles/cmTC_7c544.dir/link.txt --verbose=1
/usr/bin/cc  -DCHECK_FUNCTION_EXISTS=cheev_ CMakeFiles/cmTC_7c544.dir/CheckFunctionExists.c.o -o cmTC_7c544  /usr/lib/x86_64-linux-gnu/liblapack.so /usr/lib/x86_64-linux-gnu/libblas.so /usr/lib/x86_64-linux-gnu/libf77blas.so /usr/lib/x86_64-linux-gnu/libatlas.so -fortranlibs 
cc: error: unrecognized command-line option ‘-fortranlibs’
gmake[1]: *** [CMakeFiles/cmTC_7c544.dir/build.make:103: cmTC_7c544] Error 1
gmake[1]: Leaving directory '/home/bl/Desktop/PoseEstimation/build/CMakeFiles/CMakeTmp'
gmake: *** [Makefile:127: cmTC_7c544/fast] Error 2



